<?xml version="1.0" encoding="UTF-8"?>
<!-- Generated by org.testng.reporters.JUnitXMLReporter -->
<testsuite hostname="DESKTOP-N9F562R" ignored="0" name="Test" tests="2" failures="2" timestamp="07 Jan 2022 06:07:44 GMT" time="18.82" errors="0">
  <testcase name="amazonSearch" time="8.755" classname="tests.AmazonTest">
    <failure type="org.openqa.selenium.NoSuchElementException" message="Unable to find element with locator By.xpath: //*[@id=&amp;apos;search&amp;apos;]/div[1]/div[1]/div/span[3]/div[2]/div[3]/h2/a/span
For documentation on this error, please visit: https://selenium.dev/exceptions/#no_such_element
Build info: version: &amp;apos;4.1.0&amp;apos;, revision: &amp;apos;87802e897b&amp;apos;
System info: host: &amp;apos;DESKTOP-N9F562R&amp;apos;, ip: &amp;apos;192.168.0.6&amp;apos;, os.name: &amp;apos;Windows 10&amp;apos;, os.arch: &amp;apos;amd64&amp;apos;, os.version: &amp;apos;10.0&amp;apos;, java.version: &amp;apos;1.8.0_301&amp;apos;
Driver info: driver.version: RemoteWebDriver">
      <![CDATA[org.openqa.selenium.NoSuchElementException: Unable to find element with locator By.xpath: //*[@id='search']/div[1]/div[1]/div/span[3]/div[2]/div[3]/h2/a/span
For documentation on this error, please visit: https://selenium.dev/exceptions/#no_such_element
Build info: version: '4.1.0', revision: '87802e897b'
System info: host: 'DESKTOP-N9F562R', ip: '192.168.0.6', os.name: 'Windows 10', os.arch: 'amd64', os.version: '10.0', java.version: '1.8.0_301'
Driver info: driver.version: RemoteWebDriver
at org.openqa.selenium.remote.ElementLocation$ElementFinder$2.findElement(ElementLocation.java:165)
at org.openqa.selenium.remote.ElementLocation.findElement(ElementLocation.java:60)
at org.openqa.selenium.remote.RemoteWebDriver.findElement(RemoteWebDriver.java:383)
at org.openqa.selenium.remote.RemoteWebDriver.findElement(RemoteWebDriver.java:375)
at tests.AmazonTest.amazonSearch(AmazonTest.java:47)
... Removed 25 stack frames]]>
    </failure>
  </testcase> <!-- amazonSearch -->
  <testcase name="amazonSearch" time="18.814" classname="tests.AmazonTest">
    <failure type="java.lang.NullPointerException">
      <![CDATA[java.lang.NullPointerException
at tests.Listeners.onTestFailure(Listeners.java:40)
... Removed 22 stack frames]]>
    </failure>
  </testcase> <!-- amazonSearch -->
</testsuite> <!-- Test -->
