<?xml version="1.0" encoding="UTF-8"?>
<testng-results skipped="0" failed="0" ignored="0" total="1" passed="1">
  <reporter-output>
  </reporter-output>
  <suite name="Default suite" duration-ms="12763" started-at="2021-12-24T02:54:22Z" finished-at="2021-12-24T02:54:35Z">
    <groups>
    </groups>
    <test name="Default test" duration-ms="12763" started-at="2021-12-24T02:54:22Z" finished-at="2021-12-24T02:54:35Z">
      <class name="tests.LoginHerokuTest">
        <test-method status="PASS" signature="loginTestPOM()[pri:0, instance:tests.LoginHerokuTest@27c20538]" name="loginTestPOM" duration-ms="12736" started-at="2021-12-24T02:54:22Z" finished-at="2021-12-24T02:54:35Z">
          <reporter-output>
          </reporter-output>
        </test-method> <!-- loginTestPOM -->
      </class> <!-- tests.LoginHerokuTest -->
    </test> <!-- Default test -->
  </suite> <!-- Default suite -->
</testng-results>
